[2024-01-27 16:40:42,887: INFO: main: siuu]
[2024-01-27 19:38:21,901: INFO: common: yaml file: config\config.yaml loaded successfully]
[2024-01-27 19:38:21,905: INFO: common: yaml file: params.yaml loaded successfully]
[2024-01-27 19:39:45,572: INFO: common: yaml file: config\config.yaml loaded successfully]
[2024-01-27 19:39:45,576: INFO: common: yaml file: params.yaml loaded successfully]
[2024-01-27 19:39:45,578: INFO: common: created directory at: artifacts]
[2024-01-27 19:39:45,580: INFO: common: created directory at: artifacts\data_ingestion]
[2024-01-27 19:52:53,857: INFO: common: yaml file: config\config.yaml loaded successfully]
[2024-01-27 19:52:53,859: INFO: common: yaml file: params.yaml loaded successfully]
[2024-01-27 19:52:53,859: INFO: common: created directory at: artifacts]
[2024-01-27 19:52:53,859: INFO: common: created directory at: artifacts\data_ingestion]
[2024-01-28 12:32:29,034: INFO: common: yaml file: config\config.yaml loaded successfully]
[2024-01-28 12:32:29,050: INFO: common: yaml file: params.yaml loaded successfully]
[2024-01-28 12:32:29,050: INFO: common: created directory at: artifacts]
[2024-01-28 12:32:29,056: INFO: common: created directory at: artifacts\model_trainer]
[2024-01-28 12:33:39,387: INFO: common: yaml file: config\config.yaml loaded successfully]
[2024-01-28 12:33:39,387: INFO: common: yaml file: params.yaml loaded successfully]
[2024-01-28 12:33:39,387: INFO: common: created directory at: artifacts]
[2024-01-28 12:33:39,394: INFO: common: created directory at: artifacts\model_trainer]
[2024-01-28 12:34:23,921: INFO: common: yaml file: config\config.yaml loaded successfully]
[2024-01-28 12:34:23,931: INFO: common: yaml file: params.yaml loaded successfully]
[2024-01-28 12:34:23,931: INFO: common: created directory at: artifacts]
[2024-01-28 12:34:23,931: INFO: common: created directory at: artifacts\data_ingestion]
[2024-01-28 12:35:37,848: INFO: common: yaml file: config\config.yaml loaded successfully]
[2024-01-28 12:35:37,848: INFO: common: yaml file: params.yaml loaded successfully]
[2024-01-28 12:35:37,856: INFO: common: created directory at: artifacts]
[2024-01-28 12:35:37,856: INFO: common: created directory at: artifacts\model_trainer]
[2024-01-28 12:42:27,179: INFO: common: yaml file: config\config.yaml loaded successfully]
[2024-01-28 12:42:27,179: INFO: common: yaml file: params.yaml loaded successfully]
[2024-01-28 12:42:27,188: INFO: common: created directory at: artifacts]
[2024-01-28 12:42:27,188: INFO: common: created directory at: artifacts\model_trainer]
[2024-01-28 12:49:30,181: INFO: common: yaml file: config\config.yaml loaded successfully]
[2024-01-28 12:49:30,182: INFO: common: yaml file: params.yaml loaded successfully]
[2024-01-28 12:49:30,185: INFO: common: created directory at: artifacts]
[2024-01-28 12:49:30,185: INFO: common: created directory at: artifacts\model_trainer]
[2024-01-28 12:54:09,420: INFO: common: yaml file: config\config.yaml loaded successfully]
[2024-01-28 12:54:09,429: INFO: common: yaml file: params.yaml loaded successfully]
[2024-01-28 12:54:09,429: INFO: common: created directory at: artifacts]
[2024-01-28 12:54:09,429: INFO: common: created directory at: artifacts\model_trainer]
[2024-01-28 13:03:11,358: INFO: common: yaml file: config\config.yaml loaded successfully]
[2024-01-28 13:03:11,368: INFO: common: yaml file: params.yaml loaded successfully]
[2024-01-28 13:03:11,368: INFO: common: created directory at: artifacts]
[2024-01-28 13:03:11,374: INFO: common: created directory at: artifacts\model_trainer]
[2024-01-28 14:27:29,260: INFO: common: yaml file: config\config.yaml loaded successfully]
[2024-01-28 14:27:29,271: INFO: common: yaml file: params.yaml loaded successfully]
[2024-01-28 14:27:29,273: INFO: common: created directory at: artifacts]
[2024-01-28 14:27:29,274: INFO: common: created directory at: artifacts\model_trainer]
[2024-01-28 14:28:06,661: INFO: common: yaml file: config\config.yaml loaded successfully]
[2024-01-28 14:28:06,663: INFO: common: yaml file: params.yaml loaded successfully]
[2024-01-28 14:28:06,663: INFO: common: created directory at: artifacts]
[2024-01-28 14:28:06,664: INFO: common: created directory at: artifacts\model_trainer]
[2024-01-28 14:28:26,923: INFO: common: yaml file: config\config.yaml loaded successfully]
[2024-01-28 14:28:26,925: INFO: common: yaml file: params.yaml loaded successfully]
[2024-01-28 14:28:26,926: INFO: common: created directory at: artifacts]
[2024-01-28 14:28:26,929: INFO: common: created directory at: artifacts\model_trainer]
[2024-01-28 14:28:46,949: INFO: common: yaml file: config\config.yaml loaded successfully]
[2024-01-28 14:28:46,952: INFO: common: yaml file: params.yaml loaded successfully]
[2024-01-28 14:28:46,953: INFO: common: created directory at: artifacts]
[2024-01-28 14:28:46,954: INFO: common: created directory at: artifacts\model_trainer]
[2024-01-28 14:30:54,056: INFO: common: yaml file: config\config.yaml loaded successfully]
[2024-01-28 14:30:54,059: INFO: common: yaml file: params.yaml loaded successfully]
[2024-01-28 14:30:54,060: INFO: common: created directory at: artifacts]
[2024-01-28 14:30:54,061: INFO: common: created directory at: artifacts\model_trainer]
[2024-01-28 14:44:31,286: INFO: common: yaml file: config\config.yaml loaded successfully]
[2024-01-28 14:44:31,292: INFO: common: yaml file: params.yaml loaded successfully]
[2024-01-28 14:44:31,293: INFO: common: created directory at: artifacts]
[2024-01-28 14:44:31,293: INFO: common: created directory at: artifacts\model_trainer]
[2024-01-28 14:45:05,467: INFO: common: yaml file: config\config.yaml loaded successfully]
[2024-01-28 14:45:05,469: INFO: common: yaml file: params.yaml loaded successfully]
[2024-01-28 14:45:05,471: INFO: common: created directory at: artifacts]
[2024-01-28 14:45:05,473: INFO: common: created directory at: artifacts\model_trainer]
[2024-01-28 14:45:43,450: INFO: common: yaml file: config\config.yaml loaded successfully]
[2024-01-28 14:45:43,452: INFO: common: yaml file: params.yaml loaded successfully]
[2024-01-28 14:45:43,453: INFO: common: created directory at: artifacts]
[2024-01-28 14:45:43,454: INFO: common: created directory at: artifacts\model_trainer]
[2024-01-28 14:47:19,989: INFO: common: yaml file: config\config.yaml loaded successfully]
[2024-01-28 14:47:20,004: INFO: common: yaml file: params.yaml loaded successfully]
[2024-01-28 14:47:20,005: INFO: common: created directory at: artifacts]
[2024-01-28 14:47:20,006: INFO: common: created directory at: artifacts\model_trainer]
[2024-01-28 14:49:48,020: INFO: common: yaml file: config\config.yaml loaded successfully]
[2024-01-28 14:49:48,022: INFO: common: yaml file: params.yaml loaded successfully]
[2024-01-28 14:49:48,023: INFO: common: created directory at: artifacts]
[2024-01-28 14:49:48,024: INFO: common: created directory at: artifacts\model_trainer]
[2024-01-28 14:52:57,644: INFO: common: yaml file: config\config.yaml loaded successfully]
[2024-01-28 14:52:57,650: INFO: common: yaml file: params.yaml loaded successfully]
[2024-01-28 14:52:57,652: INFO: common: created directory at: artifacts]
[2024-01-28 14:52:57,653: INFO: common: created directory at: artifacts\model_trainer]
[2024-01-28 14:53:17,212: INFO: common: yaml file: config\config.yaml loaded successfully]
[2024-01-28 14:53:17,218: INFO: common: yaml file: params.yaml loaded successfully]
[2024-01-28 14:53:17,219: INFO: common: created directory at: artifacts]
[2024-01-28 14:53:17,220: INFO: common: created directory at: artifacts\model_trainer]
[2024-01-28 14:55:21,203: INFO: common: yaml file: config\config.yaml loaded successfully]
[2024-01-28 14:55:21,205: INFO: common: yaml file: params.yaml loaded successfully]
[2024-01-28 14:55:21,207: INFO: common: created directory at: artifacts]
[2024-01-28 14:55:21,208: INFO: common: created directory at: artifacts\model_trainer]
[2024-01-28 14:56:33,007: INFO: common: yaml file: config\config.yaml loaded successfully]
[2024-01-28 14:56:33,009: INFO: common: yaml file: params.yaml loaded successfully]
[2024-01-28 14:56:33,010: INFO: common: created directory at: artifacts]
[2024-01-28 14:56:33,011: INFO: common: created directory at: artifacts\model_trainer]
[2024-01-28 14:57:16,419: INFO: common: yaml file: config\config.yaml loaded successfully]
[2024-01-28 14:57:16,421: INFO: common: yaml file: params.yaml loaded successfully]
[2024-01-28 14:57:16,422: INFO: common: created directory at: artifacts]
[2024-01-28 14:57:16,424: INFO: common: created directory at: artifacts\model_trainer]
[2024-01-28 14:57:28,892: INFO: common: yaml file: config\config.yaml loaded successfully]
[2024-01-28 14:57:28,896: INFO: common: yaml file: params.yaml loaded successfully]
[2024-01-28 14:57:28,897: INFO: common: created directory at: artifacts]
[2024-01-28 14:57:28,898: INFO: common: created directory at: artifacts\model_trainer]
[2024-01-28 15:00:17,474: INFO: common: yaml file: config\config.yaml loaded successfully]
[2024-01-28 15:00:17,488: INFO: common: yaml file: params.yaml loaded successfully]
[2024-01-28 15:00:17,489: INFO: common: created directory at: artifacts]
[2024-01-28 15:00:17,491: INFO: common: created directory at: artifacts\model_trainer]
[2024-01-28 15:04:44,498: INFO: common: yaml file: config\config.yaml loaded successfully]
[2024-01-28 15:04:44,504: INFO: common: yaml file: params.yaml loaded successfully]
[2024-01-28 15:04:44,506: INFO: common: created directory at: artifacts]
[2024-01-28 15:04:44,507: INFO: common: created directory at: artifacts\model_trainer]
[2024-01-28 15:09:47,723: INFO: common: yaml file: config\config.yaml loaded successfully]
[2024-01-28 15:09:47,732: INFO: common: yaml file: params.yaml loaded successfully]
[2024-01-28 15:09:47,733: INFO: common: created directory at: artifacts]
[2024-01-28 15:09:47,734: INFO: common: created directory at: artifacts\model_trainer]
[2024-01-28 15:17:28,671: INFO: common: yaml file: config\config.yaml loaded successfully]
[2024-01-28 15:17:28,676: INFO: common: yaml file: params.yaml loaded successfully]
[2024-01-28 15:17:28,677: INFO: common: created directory at: artifacts]
[2024-01-28 15:17:28,678: INFO: common: created directory at: artifacts\model_trainer]
[2024-01-28 15:20:47,323: INFO: common: yaml file: config\config.yaml loaded successfully]
[2024-01-28 15:20:47,325: INFO: common: yaml file: params.yaml loaded successfully]
[2024-01-28 15:20:47,326: INFO: common: created directory at: artifacts]
[2024-01-28 15:20:47,326: INFO: common: created directory at: artifacts\model_trainer]
[2024-01-28 15:22:00,565: WARNING: save: Found untraced functions such as _jit_compiled_convolution_op, _jit_compiled_convolution_op, _jit_compiled_convolution_op while saving (showing 3 of 3). These functions will not be directly callable after loading.]
[2024-01-28 15:22:01,618: INFO: builder_impl: Assets written to: ram://4c5ac78d-66d7-4c1e-ad10-4ee9c5c49827/assets]
[2024-01-28 15:25:47,633: INFO: common: yaml file: config\config.yaml loaded successfully]
[2024-01-28 15:25:47,637: INFO: common: yaml file: params.yaml loaded successfully]
[2024-01-28 15:25:47,638: INFO: common: created directory at: artifacts]
[2024-01-28 15:25:47,639: INFO: common: created directory at: artifacts\model_trainer]
[2024-01-28 15:26:59,953: WARNING: save: Found untraced functions such as _jit_compiled_convolution_op, _jit_compiled_convolution_op, _jit_compiled_convolution_op while saving (showing 3 of 3). These functions will not be directly callable after loading.]
[2024-01-28 15:27:01,151: INFO: builder_impl: Assets written to: ram://d483839d-e2a1-4167-b53b-a361f4144a4b/assets]
[2024-01-28 15:27:41,218: INFO: common: yaml file: config\config.yaml loaded successfully]
[2024-01-28 15:27:41,220: INFO: common: yaml file: params.yaml loaded successfully]
[2024-01-28 15:27:41,221: INFO: common: created directory at: artifacts]
[2024-01-28 15:27:41,222: INFO: common: created directory at: artifacts\model_trainer]
[2024-01-28 15:38:24,792: INFO: common: yaml file: config\config.yaml loaded successfully]
[2024-01-28 15:38:24,797: INFO: common: yaml file: params.yaml loaded successfully]
[2024-01-28 15:38:24,798: INFO: common: created directory at: artifacts]
[2024-01-28 15:38:24,800: INFO: common: created directory at: artifacts\model_trainer]
[2024-01-28 15:38:49,115: INFO: common: yaml file: config\config.yaml loaded successfully]
[2024-01-28 15:38:49,118: INFO: common: yaml file: params.yaml loaded successfully]
[2024-01-28 15:38:49,119: INFO: common: created directory at: artifacts]
[2024-01-28 15:38:49,119: INFO: common: created directory at: artifacts\model_trainer]
[2024-01-28 15:40:01,378: WARNING: save: Found untraced functions such as _jit_compiled_convolution_op, _jit_compiled_convolution_op, _jit_compiled_convolution_op while saving (showing 3 of 3). These functions will not be directly callable after loading.]
[2024-01-28 15:40:02,709: INFO: builder_impl: Assets written to: ram://ec79ddab-e826-4016-aeb4-8054336b693d/assets]
[2024-01-28 15:56:16,009: INFO: common: yaml file: config\config.yaml loaded successfully]
[2024-01-28 15:56:16,010: INFO: common: yaml file: params.yaml loaded successfully]
[2024-01-28 15:56:16,011: INFO: common: created directory at: artifacts]
[2024-01-28 15:56:16,012: INFO: common: created directory at: artifacts\model_trainer]
[2024-01-28 15:57:31,375: WARNING: save: Found untraced functions such as _jit_compiled_convolution_op, _jit_compiled_convolution_op, _jit_compiled_convolution_op while saving (showing 3 of 3). These functions will not be directly callable after loading.]
[2024-01-28 15:57:32,473: INFO: builder_impl: Assets written to: ram://00899be3-846c-4582-9d15-9a8dfc64de0b/assets]
[2024-01-28 16:04:05,823: INFO: common: yaml file: config\config.yaml loaded successfully]
[2024-01-28 16:04:05,824: INFO: common: yaml file: params.yaml loaded successfully]
[2024-01-28 16:04:05,826: INFO: common: created directory at: artifacts]
[2024-01-28 16:04:05,827: INFO: common: created directory at: artifacts\model_trainer]
[2024-01-28 16:05:19,282: WARNING: save: Found untraced functions such as _jit_compiled_convolution_op, _jit_compiled_convolution_op, _jit_compiled_convolution_op while saving (showing 3 of 3). These functions will not be directly callable after loading.]
[2024-01-28 16:07:50,959: INFO: common: yaml file: config\config.yaml loaded successfully]
[2024-01-28 16:07:50,963: INFO: common: yaml file: params.yaml loaded successfully]
[2024-01-28 16:07:50,963: INFO: common: created directory at: artifacts]
[2024-01-28 16:07:50,964: INFO: common: created directory at: artifacts\model_trainer]
[2024-01-28 16:23:38,481: INFO: common: yaml file: config\config.yaml loaded successfully]
[2024-01-28 16:23:38,498: INFO: common: yaml file: params.yaml loaded successfully]
[2024-01-28 16:23:38,500: INFO: common: created directory at: artifacts]
[2024-01-28 16:23:38,501: INFO: common: created directory at: artifacts\model_trainer]
[2024-01-28 16:59:20,138: INFO: common: yaml file: config\config.yaml loaded successfully]
[2024-01-28 16:59:20,141: INFO: common: yaml file: params.yaml loaded successfully]
[2024-01-28 16:59:20,141: INFO: common: created directory at: artifacts]
[2024-01-28 16:59:20,142: INFO: common: created directory at: artifacts\model_trainer]
[2024-01-28 17:21:42,502: INFO: common: yaml file: config\config.yaml loaded successfully]
[2024-01-28 17:21:42,513: INFO: common: yaml file: params.yaml loaded successfully]
[2024-01-28 17:21:42,515: INFO: common: created directory at: artifacts]
[2024-01-28 17:27:29,980: INFO: common: yaml file: config\config.yaml loaded successfully]
[2024-01-28 17:27:29,982: INFO: common: yaml file: params.yaml loaded successfully]
[2024-01-28 17:27:29,983: INFO: common: created directory at: artifacts]
[2024-01-28 17:33:21,144: INFO: common: yaml file: config\config.yaml loaded successfully]
[2024-01-28 17:33:21,151: INFO: common: yaml file: params.yaml loaded successfully]
[2024-01-28 17:33:21,151: INFO: common: created directory at: artifacts]
[2024-01-28 17:34:29,160: INFO: common: yaml file: config\config.yaml loaded successfully]
[2024-01-28 17:34:29,160: INFO: common: yaml file: params.yaml loaded successfully]
[2024-01-28 17:34:29,160: INFO: common: created directory at: artifacts]
[2024-01-28 17:36:44,811: INFO: common: yaml file: config\config.yaml loaded successfully]
[2024-01-28 17:36:44,819: INFO: common: yaml file: params.yaml loaded successfully]
[2024-01-28 17:36:44,819: INFO: common: created directory at: artifacts]
[2024-01-28 17:37:58,136: INFO: common: yaml file: config\config.yaml loaded successfully]
[2024-01-28 17:37:58,144: INFO: common: yaml file: params.yaml loaded successfully]
[2024-01-28 17:37:58,144: INFO: common: created directory at: artifacts]
[2024-01-28 17:37:58,152: INFO: common: created directory at: artifacts\model_trainer]
[2024-01-28 17:39:34,519: INFO: common: yaml file: config\config.yaml loaded successfully]
[2024-01-28 17:39:34,527: INFO: common: yaml file: params.yaml loaded successfully]
[2024-01-28 17:39:34,527: INFO: common: created directory at: artifacts]
[2024-01-28 17:42:30,595: INFO: common: yaml file: config\config.yaml loaded successfully]
[2024-01-28 17:42:30,600: INFO: common: yaml file: params.yaml loaded successfully]
[2024-01-28 17:42:30,602: INFO: common: created directory at: artifacts]
[2024-01-28 17:50:08,352: INFO: common: yaml file: config\config.yaml loaded successfully]
[2024-01-28 17:50:08,360: INFO: common: yaml file: params.yaml loaded successfully]
[2024-01-28 17:50:08,360: INFO: common: created directory at: artifacts]
[2024-01-28 17:50:08,368: INFO: common: created directory at: artifacts\model_trainer]
[2024-01-28 17:51:06,154: INFO: common: yaml file: config\config.yaml loaded successfully]
[2024-01-28 17:51:06,170: INFO: common: yaml file: params.yaml loaded successfully]
[2024-01-28 17:51:06,170: INFO: common: created directory at: artifacts]
[2024-01-28 17:51:06,170: INFO: common: created directory at: artifacts\model_trainer]
[2024-01-28 17:52:33,127: INFO: common: yaml file: config\config.yaml loaded successfully]
[2024-01-28 17:52:33,135: INFO: common: yaml file: params.yaml loaded successfully]
[2024-01-28 17:52:33,135: INFO: common: created directory at: artifacts]
[2024-01-28 17:52:33,135: INFO: common: created directory at: artifacts\model_evaluation]
[2024-01-28 17:53:50,479: INFO: common: yaml file: config\config.yaml loaded successfully]
[2024-01-28 17:53:50,479: INFO: common: yaml file: params.yaml loaded successfully]
[2024-01-28 17:53:50,487: INFO: common: created directory at: artifacts]
[2024-01-28 17:53:50,487: INFO: common: created directory at: artifacts\model_evaluation]
[2024-01-28 17:56:54,849: INFO: common: yaml file: config\config.yaml loaded successfully]
[2024-01-28 17:56:54,857: INFO: common: yaml file: params.yaml loaded successfully]
[2024-01-28 17:56:54,857: INFO: common: created directory at: artifacts]
[2024-01-28 17:56:54,857: INFO: common: created directory at: artifacts\model_evaluation]
[2024-01-28 17:58:30,581: INFO: common: yaml file: config\config.yaml loaded successfully]
[2024-01-28 17:58:30,589: INFO: common: yaml file: params.yaml loaded successfully]
[2024-01-28 17:58:30,589: INFO: common: created directory at: artifacts]
[2024-01-28 17:58:30,589: INFO: common: created directory at: artifacts\model_evaluation]
[2024-01-28 17:59:10,185: INFO: common: yaml file: config\config.yaml loaded successfully]
[2024-01-28 17:59:10,185: INFO: common: yaml file: params.yaml loaded successfully]
[2024-01-28 17:59:10,193: INFO: common: created directory at: artifacts]
[2024-01-28 17:59:10,195: INFO: common: created directory at: artifacts\model_evaluation]
[2024-01-28 18:01:20,568: INFO: common: yaml file: config\config.yaml loaded successfully]
[2024-01-28 18:01:20,576: INFO: common: yaml file: params.yaml loaded successfully]
[2024-01-28 18:01:20,576: INFO: common: created directory at: artifacts]
[2024-01-28 18:01:20,576: INFO: common: created directory at: artifacts\model_evaluation]
[2024-01-28 18:02:26,537: INFO: common: yaml file: config\config.yaml loaded successfully]
[2024-01-28 18:02:26,537: INFO: common: yaml file: params.yaml loaded successfully]
[2024-01-28 18:02:26,545: INFO: common: created directory at: artifacts]
[2024-01-28 18:02:26,547: INFO: common: created directory at: artifacts\model_evaluation]
[2024-01-28 18:03:53,897: INFO: common: yaml file: config\config.yaml loaded successfully]
[2024-01-28 18:03:53,912: INFO: common: yaml file: params.yaml loaded successfully]
[2024-01-28 18:03:53,912: INFO: common: created directory at: artifacts]
[2024-01-28 18:03:53,912: INFO: common: created directory at: artifacts\model_evaluation]
[2024-01-28 18:09:24,188: INFO: common: yaml file: config\config.yaml loaded successfully]
[2024-01-28 18:09:24,193: INFO: common: yaml file: params.yaml loaded successfully]
[2024-01-28 18:09:24,195: INFO: common: created directory at: artifacts]
[2024-01-28 18:09:24,197: INFO: common: created directory at: artifacts\model_trainer]
[2024-01-28 18:10:18,308: INFO: common: yaml file: config\config.yaml loaded successfully]
[2024-01-28 18:10:18,316: INFO: common: yaml file: params.yaml loaded successfully]
[2024-01-28 18:10:18,316: INFO: common: created directory at: artifacts]
[2024-01-28 18:10:18,322: INFO: common: created directory at: artifacts\model_trainer]
[2024-01-28 18:12:10,987: INFO: common: yaml file: config\config.yaml loaded successfully]
[2024-01-28 18:12:10,993: INFO: common: yaml file: params.yaml loaded successfully]
[2024-01-28 18:12:10,996: INFO: common: created directory at: artifacts]
[2024-01-28 18:12:10,998: INFO: common: created directory at: artifacts\model_trainer]
[2024-01-28 18:14:31,888: INFO: common: yaml file: config\config.yaml loaded successfully]
[2024-01-28 18:14:31,896: INFO: common: yaml file: params.yaml loaded successfully]
[2024-01-28 18:14:31,901: INFO: common: created directory at: artifacts]
[2024-01-28 18:14:31,904: INFO: common: created directory at: artifacts\model_trainer]
[2024-01-28 18:17:42,217: INFO: common: yaml file: config\config.yaml loaded successfully]
[2024-01-28 18:17:42,224: INFO: common: yaml file: params.yaml loaded successfully]
[2024-01-28 18:17:42,229: INFO: common: created directory at: artifacts]
[2024-01-28 18:17:42,230: INFO: common: created directory at: artifacts\model_trainer]
[2024-01-28 18:18:25,904: INFO: common: yaml file: config\config.yaml loaded successfully]
[2024-01-28 18:18:25,909: INFO: common: yaml file: params.yaml loaded successfully]
[2024-01-28 18:18:25,914: INFO: common: created directory at: artifacts]
[2024-01-28 18:18:25,916: INFO: common: created directory at: artifacts\model_trainer]
[2024-01-28 18:26:48,547: INFO: common: yaml file: config\config.yaml loaded successfully]
[2024-01-28 18:26:48,555: INFO: common: yaml file: params.yaml loaded successfully]
[2024-01-28 18:26:48,559: INFO: common: created directory at: artifacts]
[2024-01-28 18:26:48,563: INFO: common: created directory at: artifacts\model_trainer]
[2024-01-30 18:07:00,741: INFO: common: yaml file: config\config.yaml loaded successfully]
[2024-01-30 18:07:00,749: INFO: common: yaml file: params.yaml loaded successfully]
[2024-01-30 18:07:00,750: INFO: common: created directory at: artifacts]
[2024-01-30 18:07:00,751: INFO: common: created directory at: artifacts\model_trainer]
[2024-01-30 18:08:38,345: INFO: common: yaml file: config\config.yaml loaded successfully]
[2024-01-30 18:08:38,349: INFO: common: yaml file: params.yaml loaded successfully]
[2024-01-30 18:08:38,352: INFO: common: created directory at: artifacts]
[2024-01-30 18:08:38,354: INFO: common: created directory at: artifacts\model_evaluation]
[2024-01-30 18:10:06,636: INFO: common: yaml file: config\config.yaml loaded successfully]
[2024-01-30 18:10:06,640: INFO: common: yaml file: params.yaml loaded successfully]
[2024-01-30 18:10:06,642: INFO: common: created directory at: artifacts]
[2024-01-30 18:10:06,643: INFO: common: created directory at: artifacts\model_evaluation]
[2024-01-30 18:14:46,317: INFO: common: yaml file: config\config.yaml loaded successfully]
[2024-01-30 18:14:46,322: INFO: common: yaml file: params.yaml loaded successfully]
[2024-01-30 18:14:46,324: INFO: common: created directory at: artifacts]
[2024-01-30 18:14:46,326: INFO: common: created directory at: artifacts\model_evaluation]
[2024-01-30 18:24:29,405: INFO: common: yaml file: config\config.yaml loaded successfully]
[2024-01-30 18:24:29,407: INFO: common: yaml file: params.yaml loaded successfully]
[2024-01-30 18:24:29,408: INFO: common: created directory at: artifacts]
[2024-01-30 18:24:29,409: INFO: common: created directory at: artifacts\model_evaluation]
[2024-01-30 18:33:19,309: INFO: common: yaml file: config\config.yaml loaded successfully]
[2024-01-30 18:33:19,311: INFO: common: yaml file: params.yaml loaded successfully]
[2024-01-30 18:33:19,313: INFO: common: created directory at: artifacts]
[2024-01-30 18:33:19,314: INFO: common: created directory at: artifacts\model_evaluation]
[2024-01-30 18:33:29,267: INFO: common: json file saved at: artifacts\model_evaluation\metrics.json]
[2024-01-30 18:34:27,285: INFO: common: yaml file: config\config.yaml loaded successfully]
[2024-01-30 18:34:27,287: INFO: common: yaml file: params.yaml loaded successfully]
[2024-01-30 18:34:27,288: INFO: common: created directory at: artifacts]
[2024-01-30 18:34:27,289: INFO: common: created directory at: artifacts\model_evaluation]
[2024-01-30 18:35:05,663: INFO: common: yaml file: config\config.yaml loaded successfully]
[2024-01-30 18:35:05,666: INFO: common: yaml file: params.yaml loaded successfully]
[2024-01-30 18:35:05,667: INFO: common: created directory at: artifacts]
[2024-01-30 18:35:05,668: INFO: common: created directory at: artifacts\model_evaluation]
[2024-01-30 18:35:14,973: INFO: common: json file saved at: artifacts\model_evaluation\metrics.json]
[2024-01-30 18:35:42,789: INFO: common: yaml file: config\config.yaml loaded successfully]
[2024-01-30 18:35:42,793: INFO: common: yaml file: params.yaml loaded successfully]
[2024-01-30 18:35:42,796: INFO: common: created directory at: artifacts]
[2024-01-30 18:35:42,798: INFO: common: created directory at: artifacts\model_evaluation]
[2024-01-30 18:35:53,571: INFO: common: json file saved at: artifacts\model_evaluation\metrics.json]
[2024-01-30 18:42:35,935: INFO: common: yaml file: config\config.yaml loaded successfully]
[2024-01-30 18:42:35,938: INFO: common: yaml file: params.yaml loaded successfully]
[2024-01-30 18:42:35,939: INFO: common: created directory at: artifacts]
[2024-01-30 18:42:35,940: INFO: common: created directory at: artifacts\model_evaluation]
[2024-01-30 18:42:46,192: INFO: common: json file saved at: artifacts\model_evaluation\metrics.json]
[2024-01-30 18:44:12,238: INFO: common: yaml file: config\config.yaml loaded successfully]
[2024-01-30 18:44:12,241: INFO: common: yaml file: params.yaml loaded successfully]
[2024-01-30 18:44:12,242: INFO: common: created directory at: artifacts]
[2024-01-30 18:44:12,243: INFO: common: created directory at: artifacts\model_evaluation]
[2024-01-30 18:44:22,489: INFO: common: json file saved at: artifacts\model_evaluation\metrics.json]
[2024-01-30 18:50:33,981: INFO: common: yaml file: config\config.yaml loaded successfully]
[2024-01-30 18:50:33,984: INFO: common: yaml file: params.yaml loaded successfully]
[2024-01-30 18:50:33,985: INFO: common: created directory at: artifacts]
[2024-01-30 18:50:33,986: INFO: common: created directory at: artifacts\model_evaluation]
[2024-01-30 18:50:45,402: INFO: common: json file saved at: artifacts\model_evaluation\metrics.json]
[2024-01-30 19:01:13,665: INFO: common: yaml file: config\config.yaml loaded successfully]
[2024-01-30 19:01:13,668: INFO: common: yaml file: params.yaml loaded successfully]
[2024-01-30 19:01:13,669: INFO: common: created directory at: artifacts]
[2024-01-30 19:01:13,671: INFO: common: created directory at: artifacts\model_evaluation]
[2024-01-30 19:01:24,189: INFO: common: json file saved at: artifacts\model_evaluation\metrics.json]
[2024-01-30 19:01:25,080: INFO: common: json file saved at: artifacts\model_evaluation\metrics.json]
[2024-01-30 19:01:50,117: INFO: common: yaml file: config\config.yaml loaded successfully]
[2024-01-30 19:01:50,121: INFO: common: yaml file: params.yaml loaded successfully]
[2024-01-30 19:01:50,122: INFO: common: created directory at: artifacts]
[2024-01-30 19:01:50,123: INFO: common: created directory at: artifacts\model_evaluation]
[2024-01-30 19:02:00,255: INFO: common: json file saved at: artifacts\model_evaluation\metrics.json]
[2024-01-30 19:04:34,843: INFO: common: yaml file: config\config.yaml loaded successfully]
[2024-01-30 19:04:34,845: INFO: common: yaml file: params.yaml loaded successfully]
[2024-01-30 19:04:34,846: INFO: common: created directory at: artifacts]
[2024-01-30 19:04:34,847: INFO: common: created directory at: artifacts\model_evaluation]
[2024-01-30 19:04:44,589: INFO: common: json file saved at: artifacts\model_evaluation\metrics.json]
[2024-01-30 19:12:03,676: INFO: common: yaml file: config\config.yaml loaded successfully]
[2024-01-30 19:12:03,678: INFO: common: yaml file: params.yaml loaded successfully]
[2024-01-30 19:12:03,679: INFO: common: created directory at: artifacts]
[2024-01-30 19:12:03,680: INFO: common: created directory at: artifacts\model_evaluation]
[2024-01-30 19:12:13,573: INFO: common: json file saved at: artifacts\model_evaluation\metrics.json]
[2024-01-30 19:12:56,673: INFO: common: yaml file: config\config.yaml loaded successfully]
[2024-01-30 19:12:56,675: INFO: common: yaml file: params.yaml loaded successfully]
[2024-01-30 19:12:56,676: INFO: common: created directory at: artifacts]
[2024-01-30 19:12:56,677: INFO: common: created directory at: artifacts\model_evaluation]
[2024-01-30 19:13:06,816: INFO: common: json file saved at: artifacts\model_evaluation\metrics.json]
[2024-01-30 19:13:55,885: INFO: common: yaml file: config\config.yaml loaded successfully]
[2024-01-30 19:13:55,887: INFO: common: yaml file: params.yaml loaded successfully]
[2024-01-30 19:13:55,888: INFO: common: created directory at: artifacts]
[2024-01-30 19:13:55,889: INFO: common: created directory at: artifacts\model_evaluation]
[2024-01-30 19:14:05,795: INFO: common: json file saved at: artifacts\model_evaluation\metrics.json]
[2024-01-30 19:14:09,209: WARNING: save: Found untraced functions such as _jit_compiled_convolution_op, _jit_compiled_convolution_op, _jit_compiled_convolution_op while saving (showing 3 of 3). These functions will not be directly callable after loading.]
[2024-01-30 19:14:10,042: INFO: builder_impl: Assets written to: C:\Users\rvaib\AppData\Local\Temp\tmplmcqaxfp\model\data\model\assets]
[2024-01-30 19:21:11,643: INFO: common: yaml file: config\config.yaml loaded successfully]
[2024-01-30 19:21:11,659: INFO: common: yaml file: params.yaml loaded successfully]
[2024-01-30 19:21:11,660: INFO: common: created directory at: artifacts]
[2024-01-30 19:21:11,661: INFO: common: created directory at: artifacts\model_trainer]
[2024-01-30 19:23:13,082: INFO: common: yaml file: config\config.yaml loaded successfully]
[2024-01-30 19:23:13,086: INFO: common: yaml file: params.yaml loaded successfully]
[2024-01-30 19:23:13,088: INFO: common: created directory at: artifacts]
[2024-01-30 19:23:13,089: INFO: common: created directory at: artifacts\model_evaluation]
[2024-01-30 19:23:26,328: INFO: common: json file saved at: artifacts\model_evaluation\metrics.json]
[2024-01-30 19:27:53,707: INFO: common: yaml file: config\config.yaml loaded successfully]
[2024-01-30 19:27:53,711: INFO: common: yaml file: params.yaml loaded successfully]
[2024-01-30 19:27:53,712: INFO: common: created directory at: artifacts]
[2024-01-30 19:27:53,713: INFO: common: created directory at: artifacts\model_evaluation]
[2024-01-30 19:28:06,038: INFO: common: json file saved at: artifacts\model_evaluation\metrics.json]
[2024-01-30 19:34:51,329: INFO: common: yaml file: config\config.yaml loaded successfully]
[2024-01-30 19:34:51,332: INFO: common: yaml file: params.yaml loaded successfully]
[2024-01-30 19:34:51,333: INFO: common: created directory at: artifacts]
[2024-01-30 19:34:51,334: INFO: common: created directory at: artifacts\model_evaluation]
[2024-01-30 19:35:04,753: INFO: common: json file saved at: artifacts\model_evaluation\metrics.json]
[2024-01-30 19:38:48,544: INFO: common: yaml file: config\config.yaml loaded successfully]
[2024-01-30 19:38:48,550: INFO: common: yaml file: params.yaml loaded successfully]
[2024-01-30 19:38:48,552: INFO: common: created directory at: artifacts]
[2024-01-30 19:38:48,553: INFO: common: created directory at: artifacts\model_evaluation]
[2024-01-30 19:38:59,152: INFO: common: json file saved at: artifacts\model_evaluation\metrics.json]
[2024-01-30 19:39:51,207: INFO: common: yaml file: config\config.yaml loaded successfully]
[2024-01-30 19:39:51,211: INFO: common: yaml file: params.yaml loaded successfully]
[2024-01-30 19:39:51,212: INFO: common: created directory at: artifacts]
[2024-01-30 19:39:51,213: INFO: common: created directory at: artifacts\model_evaluation]
[2024-01-30 19:40:02,065: INFO: common: json file saved at: artifacts\model_evaluation\metrics.json]
[2024-01-30 19:41:29,632: INFO: common: yaml file: config\config.yaml loaded successfully]
[2024-01-30 19:41:29,635: INFO: common: yaml file: params.yaml loaded successfully]
[2024-01-30 19:41:29,636: INFO: common: created directory at: artifacts]
[2024-01-30 19:41:54,320: INFO: common: yaml file: config\config.yaml loaded successfully]
[2024-01-30 19:41:54,327: INFO: common: yaml file: params.yaml loaded successfully]
[2024-01-30 19:41:54,329: INFO: common: created directory at: artifacts]
[2024-01-30 19:41:54,330: INFO: common: created directory at: artifacts\model_evaluation]
[2024-01-30 19:42:03,904: INFO: common: json file saved at: artifacts\model_evaluation\metrics.json]
[2024-01-30 19:42:38,584: INFO: common: yaml file: config\config.yaml loaded successfully]
[2024-01-30 19:42:38,586: INFO: common: yaml file: params.yaml loaded successfully]
[2024-01-30 19:42:38,589: INFO: common: created directory at: artifacts]
[2024-01-30 19:42:38,590: INFO: common: created directory at: artifacts\model_trainer]
[2024-01-30 19:44:16,833: INFO: common: yaml file: config\config.yaml loaded successfully]
[2024-01-30 19:44:16,837: INFO: common: yaml file: params.yaml loaded successfully]
[2024-01-30 19:44:16,839: INFO: common: created directory at: artifacts]
[2024-01-30 19:44:16,840: INFO: common: created directory at: artifacts\model_evaluation]
[2024-01-30 19:44:29,330: INFO: common: json file saved at: artifacts\model_evaluation\metrics.json]
[2024-01-30 19:50:18,899: INFO: common: yaml file: config\config.yaml loaded successfully]
[2024-01-30 19:50:18,905: INFO: common: yaml file: params.yaml loaded successfully]
[2024-01-30 19:50:18,907: INFO: common: created directory at: artifacts]
[2024-01-30 19:50:18,908: INFO: common: created directory at: artifacts\model_evaluation]
[2024-01-30 19:50:29,665: INFO: common: json file saved at: artifacts\model_evaluation\metrics.json]
[2024-01-30 19:54:18,389: INFO: common: yaml file: config\config.yaml loaded successfully]
[2024-01-30 19:54:18,397: INFO: common: yaml file: params.yaml loaded successfully]
[2024-01-30 19:54:18,399: INFO: common: created directory at: artifacts]
[2024-01-30 19:54:18,401: INFO: common: created directory at: artifacts\model_evaluation]
[2024-01-30 19:54:29,495: INFO: common: json file saved at: artifacts\model_evaluation\metrics.json]
[2024-01-30 19:56:43,084: INFO: common: yaml file: config\config.yaml loaded successfully]
[2024-01-30 19:56:43,088: INFO: common: yaml file: params.yaml loaded successfully]
[2024-01-30 19:56:43,089: INFO: common: created directory at: artifacts]
[2024-01-30 19:56:43,090: INFO: common: created directory at: artifacts\model_evaluation]
[2024-01-30 19:56:53,207: INFO: common: json file saved at: artifacts\model_evaluation\metrics.json]
[2024-01-30 20:00:56,269: INFO: common: yaml file: config\config.yaml loaded successfully]
[2024-01-30 20:00:56,273: INFO: common: yaml file: params.yaml loaded successfully]
[2024-01-30 20:00:56,274: INFO: common: created directory at: artifacts]
[2024-01-30 20:00:56,275: INFO: common: created directory at: artifacts\model_evaluation]
[2024-01-30 20:01:05,583: INFO: common: json file saved at: artifacts\model_evaluation\metrics.json]
[2024-01-30 20:02:38,641: INFO: common: yaml file: config\config.yaml loaded successfully]
[2024-01-30 20:02:38,648: INFO: common: yaml file: params.yaml loaded successfully]
[2024-01-30 20:02:38,648: INFO: common: created directory at: artifacts]
[2024-01-30 20:02:38,648: INFO: common: created directory at: artifacts\model_evaluation]
[2024-01-30 20:02:48,186: INFO: common: json file saved at: artifacts\model_evaluation\metrics.json]
[2024-01-30 20:03:39,904: INFO: common: yaml file: config\config.yaml loaded successfully]
[2024-01-30 20:03:39,910: INFO: common: yaml file: params.yaml loaded successfully]
[2024-01-30 20:03:39,913: INFO: common: created directory at: artifacts]
[2024-01-30 20:03:39,915: INFO: common: created directory at: artifacts\model_evaluation]
[2024-01-30 20:03:49,792: INFO: common: json file saved at: artifacts\model_evaluation\metrics.json]
[2024-01-30 20:05:55,103: INFO: common: yaml file: config\config.yaml loaded successfully]
[2024-01-30 20:05:55,109: INFO: common: yaml file: params.yaml loaded successfully]
[2024-01-30 20:05:55,112: INFO: common: created directory at: artifacts]
[2024-01-30 20:05:55,113: INFO: common: created directory at: artifacts\model_evaluation]
[2024-01-30 20:06:06,415: INFO: common: json file saved at: artifacts\model_evaluation\metrics.json]
[2024-01-30 20:14:12,137: INFO: common: yaml file: config\config.yaml loaded successfully]
[2024-01-30 20:14:12,144: INFO: common: yaml file: params.yaml loaded successfully]
[2024-01-30 20:14:12,146: INFO: common: created directory at: artifacts]
[2024-01-30 20:14:12,148: INFO: common: created directory at: artifacts\model_evaluation]
[2024-01-30 20:14:24,728: INFO: common: json file saved at: artifacts\model_evaluation\metrics.json]
[2024-01-30 20:20:28,459: INFO: common: yaml file: config\config.yaml loaded successfully]
[2024-01-30 20:20:28,471: INFO: common: yaml file: params.yaml loaded successfully]
[2024-01-30 20:20:28,474: INFO: common: created directory at: artifacts]
[2024-01-30 20:20:28,475: INFO: common: created directory at: artifacts\model_evaluation]
[2024-01-30 20:20:38,698: INFO: common: json file saved at: artifacts\model_evaluation\metrics.json]
[2024-01-30 20:22:55,303: INFO: common: yaml file: config\config.yaml loaded successfully]
[2024-01-30 20:22:55,319: INFO: common: yaml file: params.yaml loaded successfully]
[2024-01-30 20:22:55,322: INFO: common: created directory at: artifacts]
[2024-01-30 20:22:55,323: INFO: common: created directory at: artifacts\model_evaluation]
[2024-01-30 20:23:05,388: INFO: common: json file saved at: artifacts\model_evaluation\metrics.json]
[2024-01-30 20:23:30,004: INFO: common: yaml file: config\config.yaml loaded successfully]
[2024-01-30 20:23:30,006: INFO: common: yaml file: params.yaml loaded successfully]
[2024-01-30 20:23:30,008: INFO: common: created directory at: artifacts]
[2024-01-30 20:23:30,009: INFO: common: created directory at: artifacts\model_evaluation]
[2024-01-30 20:23:39,315: INFO: common: json file saved at: artifacts\model_evaluation\metrics.json]
[2024-01-30 20:24:33,465: INFO: common: yaml file: config\config.yaml loaded successfully]
[2024-01-30 20:24:33,468: INFO: common: yaml file: params.yaml loaded successfully]
[2024-01-30 20:24:33,468: INFO: common: created directory at: artifacts]
[2024-01-30 20:24:33,468: INFO: common: created directory at: artifacts\model_evaluation]
[2024-01-30 20:24:43,649: INFO: common: json file saved at: artifacts\model_evaluation\metrics.json]
[2024-01-30 20:27:22,736: INFO: common: yaml file: config\config.yaml loaded successfully]
[2024-01-30 20:27:22,746: INFO: common: yaml file: params.yaml loaded successfully]
[2024-01-30 20:27:22,748: INFO: common: created directory at: artifacts]
[2024-01-30 20:27:22,750: INFO: common: created directory at: artifacts\model_evaluation]
[2024-01-30 20:27:32,451: INFO: common: json file saved at: artifacts\model_evaluation\metrics.json]
[2024-01-30 20:28:24,887: INFO: common: yaml file: config\config.yaml loaded successfully]
[2024-01-30 20:28:24,892: INFO: common: yaml file: params.yaml loaded successfully]
[2024-01-30 20:28:24,893: INFO: common: created directory at: artifacts]
[2024-01-30 20:28:24,894: INFO: common: created directory at: artifacts\model_trainer]
[2024-01-30 20:31:24,245: INFO: common: yaml file: config\config.yaml loaded successfully]
[2024-01-30 20:31:24,250: INFO: common: yaml file: params.yaml loaded successfully]
[2024-01-30 20:31:24,252: INFO: common: created directory at: artifacts]
[2024-01-30 20:31:24,254: INFO: common: created directory at: artifacts\model_evaluation]
[2024-01-30 20:31:40,420: INFO: common: json file saved at: artifacts\model_evaluation\metrics.json]
[2024-01-30 20:34:56,775: INFO: common: yaml file: config\config.yaml loaded successfully]
[2024-01-30 20:34:56,780: INFO: common: yaml file: params.yaml loaded successfully]
[2024-01-30 20:34:56,781: INFO: common: created directory at: artifacts]
[2024-01-30 20:34:56,782: INFO: common: created directory at: artifacts\model_evaluation]
[2024-01-30 20:35:08,775: INFO: common: json file saved at: artifacts\model_evaluation\metrics.json]
[2024-01-31 16:00:23,860: INFO: common: yaml file: config\config.yaml loaded successfully]
[2024-01-31 16:00:23,868: INFO: common: yaml file: params.yaml loaded successfully]
[2024-01-31 16:00:23,868: INFO: common: created directory at: artifacts]
[2024-01-31 16:00:23,868: INFO: common: created directory at: artifacts\model_trainer]
[2024-01-31 16:03:22,621: INFO: common: yaml file: config\config.yaml loaded successfully]
[2024-01-31 16:03:22,636: INFO: common: yaml file: params.yaml loaded successfully]
[2024-01-31 16:03:22,636: INFO: common: created directory at: artifacts]
[2024-01-31 16:03:22,636: INFO: common: created directory at: artifacts\model_trainer]
[2024-01-31 18:33:30,836: INFO: common: yaml file: config\config.yaml loaded successfully]
[2024-01-31 18:33:30,873: INFO: common: yaml file: params.yaml loaded successfully]
[2024-01-31 18:33:30,879: INFO: common: created directory at: artifacts]
[2024-01-31 18:33:30,880: INFO: common: created directory at: artifacts\model_evaluation]
[2024-01-31 18:33:53,190: INFO: common: json file saved at: artifacts\model_evaluation\metrics.json]
[2024-01-31 18:35:28,813: INFO: common: yaml file: config\config.yaml loaded successfully]
[2024-01-31 18:35:28,816: INFO: common: yaml file: params.yaml loaded successfully]
[2024-01-31 18:35:28,818: INFO: common: created directory at: artifacts]
[2024-01-31 18:35:28,819: INFO: common: created directory at: artifacts\model_evaluation]
[2024-01-31 18:35:38,574: INFO: common: json file saved at: artifacts\model_evaluation\metrics.json]
[2024-01-31 18:36:40,798: INFO: common: yaml file: config\config.yaml loaded successfully]
[2024-01-31 18:36:40,801: INFO: common: yaml file: params.yaml loaded successfully]
[2024-01-31 18:36:40,804: INFO: common: created directory at: artifacts]
[2024-01-31 18:36:40,805: INFO: common: created directory at: artifacts\model_evaluation]
[2024-01-31 18:36:50,441: INFO: common: json file saved at: artifacts\model_evaluation\metrics.json]
[2024-01-31 18:37:58,112: INFO: common: yaml file: config\config.yaml loaded successfully]
[2024-01-31 18:37:58,115: INFO: common: yaml file: params.yaml loaded successfully]
[2024-01-31 18:37:58,116: INFO: common: created directory at: artifacts]
[2024-01-31 18:37:58,117: INFO: common: created directory at: artifacts\model_evaluation]
[2024-01-31 18:38:08,125: INFO: common: json file saved at: artifacts\model_evaluation\metrics.json]
[2024-01-31 18:41:08,676: INFO: common: yaml file: config\config.yaml loaded successfully]
[2024-01-31 18:41:08,688: INFO: common: yaml file: params.yaml loaded successfully]
[2024-01-31 18:41:08,690: INFO: common: created directory at: artifacts]
[2024-01-31 18:41:08,691: INFO: common: created directory at: artifacts\model_evaluation]
[2024-01-31 18:41:19,776: INFO: common: json file saved at: artifacts\model_evaluation\metrics.json]
[2024-01-31 18:48:30,215: INFO: common: yaml file: config\config.yaml loaded successfully]
[2024-01-31 18:48:30,219: INFO: common: yaml file: params.yaml loaded successfully]
[2024-01-31 18:48:30,220: INFO: common: created directory at: artifacts]
[2024-01-31 18:48:30,220: INFO: common: created directory at: artifacts\model_evaluation]
[2024-01-31 18:48:41,479: INFO: common: json file saved at: artifacts\model_evaluation\metrics.json]
[2024-01-31 18:50:31,269: INFO: common: yaml file: config\config.yaml loaded successfully]
[2024-01-31 18:50:31,272: INFO: common: yaml file: params.yaml loaded successfully]
[2024-01-31 18:50:31,273: INFO: common: created directory at: artifacts]
[2024-01-31 18:50:31,274: INFO: common: created directory at: artifacts\model_evaluation]
[2024-01-31 18:50:40,676: INFO: common: json file saved at: artifacts\model_evaluation\metrics.json]
[2024-01-31 18:51:53,872: INFO: common: yaml file: config\config.yaml loaded successfully]
[2024-01-31 18:51:53,876: INFO: common: yaml file: params.yaml loaded successfully]
[2024-01-31 18:51:53,878: INFO: common: created directory at: artifacts]
[2024-01-31 18:51:53,880: INFO: common: created directory at: artifacts\model_evaluation]
[2024-01-31 18:52:03,767: INFO: common: json file saved at: artifacts\model_evaluation\metrics.json]
[2024-01-31 18:54:15,209: INFO: common: yaml file: config\config.yaml loaded successfully]
[2024-01-31 18:54:15,214: INFO: common: yaml file: params.yaml loaded successfully]
[2024-01-31 18:54:15,215: INFO: common: created directory at: artifacts]
[2024-01-31 18:54:15,216: INFO: common: created directory at: artifacts\model_evaluation]
[2024-01-31 18:54:35,102: INFO: common: json file saved at: artifacts\model_evaluation\metrics.json]
[2024-01-31 18:56:39,068: INFO: common: yaml file: config\config.yaml loaded successfully]
[2024-01-31 18:56:39,070: INFO: common: yaml file: params.yaml loaded successfully]
[2024-01-31 18:56:39,072: INFO: common: created directory at: artifacts]
[2024-01-31 18:56:39,072: INFO: common: created directory at: artifacts\model_evaluation]
[2024-01-31 18:56:51,786: INFO: common: json file saved at: artifacts\model_evaluation\metrics.json]
[2024-01-31 18:57:46,754: INFO: common: yaml file: config\config.yaml loaded successfully]
[2024-01-31 18:57:46,767: INFO: common: yaml file: params.yaml loaded successfully]
[2024-01-31 18:57:46,768: INFO: common: created directory at: artifacts]
[2024-01-31 18:57:46,769: INFO: common: created directory at: artifacts\model_evaluation]
[2024-01-31 18:57:56,791: INFO: common: json file saved at: artifacts\model_evaluation\metrics.json]
[2024-01-31 18:58:59,908: INFO: common: yaml file: config\config.yaml loaded successfully]
[2024-01-31 18:58:59,910: INFO: common: yaml file: params.yaml loaded successfully]
[2024-01-31 18:58:59,911: INFO: common: created directory at: artifacts]
[2024-01-31 18:58:59,912: INFO: common: created directory at: artifacts\model_evaluation]
[2024-01-31 18:59:10,156: INFO: common: json file saved at: artifacts\model_evaluation\metrics.json]
[2024-01-31 18:59:13,572: WARNING: save: Found untraced functions such as _jit_compiled_convolution_op, _jit_compiled_convolution_op, _jit_compiled_convolution_op while saving (showing 3 of 3). These functions will not be directly callable after loading.]
[2024-01-31 18:59:14,295: INFO: builder_impl: Assets written to: C:\Users\rvaib\AppData\Local\Temp\tmp91b6oerm\model\data\model\assets]
[2024-01-31 19:02:27,093: INFO: common: yaml file: config\config.yaml loaded successfully]
[2024-01-31 19:02:27,107: INFO: common: yaml file: params.yaml loaded successfully]
[2024-01-31 19:02:27,109: INFO: common: created directory at: artifacts]
[2024-01-31 19:02:27,110: INFO: common: created directory at: artifacts\model_evaluation]
[2024-01-31 19:02:40,896: INFO: common: json file saved at: artifacts\model_evaluation\metrics.json]
[2024-01-31 19:02:44,308: WARNING: save: Found untraced functions such as _jit_compiled_convolution_op, _jit_compiled_convolution_op, _jit_compiled_convolution_op while saving (showing 3 of 3). These functions will not be directly callable after loading.]
[2024-01-31 19:02:45,033: INFO: builder_impl: Assets written to: C:\Users\rvaib\AppData\Local\Temp\tmpztjb76ni\model\data\model\assets]
[2024-01-31 19:07:01,678: INFO: common: yaml file: config\config.yaml loaded successfully]
[2024-01-31 19:07:01,681: INFO: common: yaml file: params.yaml loaded successfully]
[2024-01-31 19:07:01,682: INFO: common: created directory at: artifacts]
[2024-01-31 19:07:01,683: INFO: common: created directory at: artifacts\model_evaluation]
[2024-01-31 19:07:11,844: INFO: common: json file saved at: artifacts\model_evaluation\metrics.json]
[2024-01-31 19:08:45,832: INFO: common: yaml file: config\config.yaml loaded successfully]
[2024-01-31 19:08:45,837: INFO: common: yaml file: params.yaml loaded successfully]
[2024-01-31 19:08:45,838: INFO: common: created directory at: artifacts]
[2024-01-31 19:08:45,839: INFO: common: created directory at: artifacts\model_evaluation]
[2024-01-31 19:08:55,366: INFO: common: json file saved at: artifacts\model_evaluation\metrics.json]
[2024-01-31 19:10:06,025: INFO: common: yaml file: config\config.yaml loaded successfully]
[2024-01-31 19:10:06,027: INFO: common: yaml file: params.yaml loaded successfully]
[2024-01-31 19:10:06,028: INFO: common: created directory at: artifacts]
[2024-01-31 19:10:06,029: INFO: common: created directory at: artifacts\model_evaluation]
[2024-01-31 19:10:16,523: INFO: common: json file saved at: artifacts\model_evaluation\metrics.json]
[2024-01-31 19:19:54,943: INFO: common: yaml file: config\config.yaml loaded successfully]
[2024-01-31 19:19:54,946: INFO: common: yaml file: params.yaml loaded successfully]
[2024-01-31 19:19:54,946: INFO: common: created directory at: artifacts]
[2024-01-31 19:19:54,947: INFO: common: created directory at: artifacts\model_evaluation]
[2024-01-31 19:20:05,190: INFO: common: json file saved at: artifacts\model_evaluation\metrics.json]
[2024-01-31 19:20:08,579: WARNING: save: Found untraced functions such as _jit_compiled_convolution_op, _jit_compiled_convolution_op, _jit_compiled_convolution_op while saving (showing 3 of 3). These functions will not be directly callable after loading.]
[2024-01-31 19:20:09,407: INFO: builder_impl: Assets written to: C:\Users\rvaib\AppData\Local\Temp\tmpq7vmo_0p\model\data\model\assets]
[2024-01-31 19:23:32,675: INFO: common: yaml file: config\config.yaml loaded successfully]
[2024-01-31 19:23:32,687: INFO: common: yaml file: params.yaml loaded successfully]
[2024-01-31 19:23:32,687: INFO: common: created directory at: artifacts]
[2024-01-31 19:23:32,687: INFO: common: created directory at: artifacts\model_evaluation]
[2024-01-31 19:23:53,076: INFO: common: yaml file: config\config.yaml loaded successfully]
[2024-01-31 19:23:53,081: INFO: common: yaml file: params.yaml loaded successfully]
[2024-01-31 19:23:53,084: INFO: common: created directory at: artifacts]
[2024-01-31 19:23:53,087: INFO: common: created directory at: artifacts\model_trainer]
[2024-01-31 19:26:32,757: INFO: common: yaml file: config\config.yaml loaded successfully]
[2024-01-31 19:26:32,762: INFO: common: yaml file: params.yaml loaded successfully]
[2024-01-31 19:26:32,765: INFO: common: created directory at: artifacts]
[2024-01-31 19:26:32,766: INFO: common: created directory at: artifacts\model_evaluation]
[2024-01-31 19:26:46,464: INFO: common: json file saved at: artifacts\model_evaluation\metrics.json]
[2024-01-31 19:26:50,718: WARNING: save: Found untraced functions such as _jit_compiled_convolution_op, _jit_compiled_convolution_op, _jit_compiled_convolution_op while saving (showing 3 of 3). These functions will not be directly callable after loading.]
[2024-01-31 19:26:51,574: INFO: builder_impl: Assets written to: C:\Users\rvaib\AppData\Local\Temp\tmpoq4yliuc\model\data\model\assets]
[2024-01-31 23:10:52,944: INFO: main: h]
[2024-01-31 23:11:01,658: INFO: main: hello]
[2024-01-31 23:18:26,773: INFO: common: yaml file: config\config.yaml loaded successfully]
[2024-01-31 23:18:26,780: INFO: common: yaml file: params.yaml loaded successfully]
[2024-01-31 23:18:26,782: INFO: common: created directory at: artifacts]
[2024-01-31 23:18:26,782: INFO: common: created directory at: artifacts\model_trainer]
[2024-01-31 23:21:25,964: INFO: common: yaml file: config\config.yaml loaded successfully]
[2024-01-31 23:21:25,966: INFO: common: yaml file: params.yaml loaded successfully]
[2024-01-31 23:21:25,967: INFO: common: created directory at: artifacts]
[2024-01-31 23:21:25,967: INFO: common: created directory at: artifacts\model_trainer]
[2024-01-31 23:22:23,977: INFO: common: yaml file: config\config.yaml loaded successfully]
[2024-01-31 23:22:23,979: INFO: common: yaml file: params.yaml loaded successfully]
[2024-01-31 23:22:23,980: INFO: common: created directory at: artifacts]
[2024-01-31 23:22:23,981: INFO: common: created directory at: artifacts\model_trainer]
[2024-01-31 23:26:57,296: INFO: main: .....stage Data ingestion stage started ....]
[2024-01-31 23:26:57,296: INFO: common: yaml file: config\config.yaml loaded successfully]
[2024-01-31 23:26:57,296: INFO: common: yaml file: params.yaml loaded successfully]
[2024-01-31 23:26:57,312: INFO: common: created directory at: artifacts]
[2024-01-31 23:26:57,312: INFO: common: created directory at: artifacts\data_ingestion]
[2024-01-31 23:27:05,404: INFO: main: ..... stage Data ingestion stage completed .....]
[2024-01-31 23:27:05,404: INFO: main: .....stage Model trainer stage started ....]
[2024-01-31 23:27:05,404: INFO: common: yaml file: config\config.yaml loaded successfully]
[2024-01-31 23:27:05,404: INFO: common: yaml file: params.yaml loaded successfully]
[2024-01-31 23:27:05,404: INFO: common: created directory at: artifacts]
[2024-01-31 23:27:05,404: INFO: common: created directory at: artifacts\model_trainer]
[2024-01-31 23:49:07,844: INFO: common: yaml file: config\config.yaml loaded successfully]
[2024-01-31 23:49:07,849: INFO: common: yaml file: params.yaml loaded successfully]
[2024-01-31 23:49:07,852: INFO: common: created directory at: artifacts]
[2024-01-31 23:49:07,853: INFO: common: created directory at: artifacts\model_trainer]
[2024-01-31 23:51:32,404: INFO: main: .....stage Data ingestion stage started ....]
[2024-01-31 23:51:32,404: INFO: common: yaml file: config\config.yaml loaded successfully]
[2024-01-31 23:51:32,420: INFO: common: yaml file: params.yaml loaded successfully]
[2024-01-31 23:51:32,420: INFO: common: created directory at: artifacts]
[2024-01-31 23:51:32,420: INFO: common: created directory at: artifacts\data_ingestion]
[2024-01-31 23:51:40,470: INFO: main: ..... stage Data ingestion stage completed .....]
[2024-01-31 23:51:40,470: INFO: main: .....stage Model trainer stage started ....]
[2024-01-31 23:51:40,470: INFO: common: yaml file: config\config.yaml loaded successfully]
[2024-01-31 23:51:40,482: INFO: common: yaml file: params.yaml loaded successfully]
[2024-01-31 23:51:40,482: INFO: common: created directory at: artifacts]
[2024-01-31 23:51:40,482: INFO: common: created directory at: artifacts\model_trainer]
[2024-01-31 23:53:58,584: INFO: main: ..... stage Model trainer stage completed .....]
[2024-01-31 23:53:58,584: INFO: main: .....stage Model trainer stage started ....]
[2024-01-31 23:53:58,593: INFO: common: yaml file: config\config.yaml loaded successfully]
[2024-01-31 23:53:58,593: INFO: common: yaml file: params.yaml loaded successfully]
[2024-01-31 23:53:58,593: INFO: common: created directory at: artifacts]
[2024-01-31 23:53:58,603: INFO: common: created directory at: artifacts\model_evaluation]
[2024-01-31 23:53:58,985: ERROR: main: 'str' object has no attribute 'evaluate']
Traceback (most recent call last):
  File "main.py", line 31, in <module>
    obj.main()
  File "c:\users\rvaib\onedrive\desktop\new-d-vs-c\src\DogvsCatClassifier\pipeline\C_ME_PIPELINE.py", line 18, in main
    loss,accuracy = model_evaluation.evaluate(validation_ds)
  File "c:\users\rvaib\onedrive\desktop\new-d-vs-c\src\DogvsCatClassifier\components\ModelEvaluation.py", line 36, in evaluate
    test_loss, test_accuracy = model.evaluate(validation_ds)
AttributeError: 'str' object has no attribute 'evaluate'
[2024-01-31 23:57:03,798: INFO: common: yaml file: config\config.yaml loaded successfully]
[2024-01-31 23:57:03,801: INFO: common: yaml file: params.yaml loaded successfully]
[2024-01-31 23:57:03,802: INFO: common: created directory at: artifacts]
[2024-01-31 23:57:03,802: INFO: common: created directory at: artifacts\model_evaluation]
[2024-01-31 23:57:17,949: INFO: common: json file saved at: artifacts\model_evaluation\metrics.json]
[2024-01-31 23:57:22,309: WARNING: save: Found untraced functions such as _jit_compiled_convolution_op, _jit_compiled_convolution_op, _jit_compiled_convolution_op while saving (showing 3 of 3). These functions will not be directly callable after loading.]
[2024-01-31 23:57:23,252: INFO: builder_impl: Assets written to: C:\Users\rvaib\AppData\Local\Temp\tmpc244xs_o\model\data\model\assets]
[2024-01-31 23:59:26,195: INFO: main: .....stage Data ingestion stage started ....]
[2024-01-31 23:59:26,195: INFO: common: yaml file: config\config.yaml loaded successfully]
[2024-01-31 23:59:26,195: INFO: common: yaml file: params.yaml loaded successfully]
[2024-01-31 23:59:26,195: INFO: common: created directory at: artifacts]
[2024-01-31 23:59:26,195: INFO: common: created directory at: artifacts\data_ingestion]
[2024-01-31 23:59:37,879: INFO: main: ..... stage Data ingestion stage completed .....]
[2024-01-31 23:59:37,879: INFO: main: .....stage Model trainer stage started ....]
[2024-01-31 23:59:37,895: INFO: common: yaml file: config\config.yaml loaded successfully]
[2024-01-31 23:59:37,895: INFO: common: yaml file: params.yaml loaded successfully]
[2024-01-31 23:59:37,895: INFO: common: created directory at: artifacts]
[2024-01-31 23:59:37,895: INFO: common: created directory at: artifacts\model_trainer]
[2024-02-01 00:02:18,410: INFO: main: ..... stage Model trainer stage completed .....]
[2024-02-01 00:02:18,411: INFO: main: .....stage Model evaluation stage started ....]
[2024-02-01 00:02:18,416: INFO: common: yaml file: config\config.yaml loaded successfully]
[2024-02-01 00:02:18,420: INFO: common: yaml file: params.yaml loaded successfully]
[2024-02-01 00:02:18,421: INFO: common: created directory at: artifacts]
[2024-02-01 00:02:18,421: INFO: common: created directory at: artifacts\model_evaluation]
[2024-02-01 00:02:18,825: ERROR: main: 'str' object has no attribute 'evaluate']
Traceback (most recent call last):
  File "c:/Users/rvaib/OneDrive/Desktop/new-D-VS-C/main.py", line 32, in <module>
    obj.main()
  File "c:\users\rvaib\onedrive\desktop\new-d-vs-c\src\DogvsCatClassifier\pipeline\C_ME_PIPELINE.py", line 18, in main
    loss,accuracy = model_evaluation.evaluate(validation_ds)
  File "c:\users\rvaib\onedrive\desktop\new-d-vs-c\src\DogvsCatClassifier\components\ModelEvaluation.py", line 36, in evaluate
    test_loss, test_accuracy = model.evaluate(validation_ds)
AttributeError: 'str' object has no attribute 'evaluate'
[2024-02-01 00:06:44,229: INFO: main: .....stage Data ingestion stage started ....]
[2024-02-01 00:06:44,229: INFO: common: yaml file: config\config.yaml loaded successfully]
[2024-02-01 00:06:44,244: INFO: common: yaml file: params.yaml loaded successfully]
[2024-02-01 00:06:44,244: INFO: common: created directory at: artifacts]
[2024-02-01 00:06:44,244: INFO: common: created directory at: artifacts\data_ingestion]
[2024-02-01 00:06:54,205: INFO: main: ..... stage Data ingestion stage completed .....]
[2024-02-01 00:06:54,205: INFO: main: .....stage Model trainer stage started ....]
[2024-02-01 00:06:54,207: INFO: common: yaml file: config\config.yaml loaded successfully]
[2024-02-01 00:06:54,210: INFO: common: yaml file: params.yaml loaded successfully]
[2024-02-01 00:06:54,211: INFO: common: created directory at: artifacts]
[2024-02-01 00:06:54,228: INFO: common: created directory at: artifacts\model_trainer]
[2024-02-01 00:08:04,579: INFO: main: ..... stage Model trainer stage completed .....]
[2024-02-01 00:08:04,579: INFO: main: .....stage Model evaluation stage started ....]
[2024-02-01 00:08:04,589: INFO: common: yaml file: config\config.yaml loaded successfully]
[2024-02-01 00:08:04,589: INFO: common: yaml file: params.yaml loaded successfully]
[2024-02-01 00:08:04,589: INFO: common: created directory at: artifacts]
[2024-02-01 00:08:04,589: INFO: common: created directory at: artifacts\model_evaluation]
[2024-02-01 00:08:04,869: ERROR: main: 'str' object has no attribute 'evaluate']
Traceback (most recent call last):
  File "main.py", line 32, in <module>
    obj.main()
  File "c:\users\rvaib\onedrive\desktop\new-d-vs-c\src\DogvsCatClassifier\pipeline\C_ME_PIPELINE.py", line 18, in main
    loss,accuracy = model_evaluation.evaluate(validation_ds)
  File "c:\users\rvaib\onedrive\desktop\new-d-vs-c\src\DogvsCatClassifier\components\ModelEvaluation.py", line 36, in evaluate
    test_loss, test_accuracy = model.evaluate(validation_ds)
AttributeError: 'str' object has no attribute 'evaluate'
[2024-02-01 00:09:22,660: INFO: main: .....stage Data ingestion stage started ....]
[2024-02-01 00:09:22,676: INFO: common: yaml file: config\config.yaml loaded successfully]
[2024-02-01 00:09:22,676: INFO: common: yaml file: params.yaml loaded successfully]
[2024-02-01 00:09:22,676: INFO: common: created directory at: artifacts]
[2024-02-01 00:09:22,676: INFO: common: created directory at: artifacts\data_ingestion]
[2024-02-01 00:09:30,024: INFO: main: ..... stage Data ingestion stage completed .....]
[2024-02-01 00:09:30,024: INFO: main: .....stage Model trainer stage started ....]
[2024-02-01 00:09:30,040: INFO: common: yaml file: config\config.yaml loaded successfully]
[2024-02-01 00:09:30,040: INFO: common: yaml file: params.yaml loaded successfully]
[2024-02-01 00:09:30,040: INFO: common: created directory at: artifacts]
[2024-02-01 00:09:30,055: INFO: common: created directory at: artifacts\model_trainer]
[2024-02-01 00:10:36,316: INFO: main: ..... stage Model trainer stage completed .....]
[2024-02-01 00:10:36,316: INFO: main: .....stage Model evaluation stage started ....]
[2024-02-01 00:10:36,316: INFO: common: yaml file: config\config.yaml loaded successfully]
[2024-02-01 00:10:36,326: INFO: common: yaml file: params.yaml loaded successfully]
[2024-02-01 00:10:36,326: INFO: common: created directory at: artifacts]
[2024-02-01 00:10:36,326: INFO: common: created directory at: artifacts\model_evaluation]
[2024-02-01 00:10:36,610: ERROR: main: 'str' object has no attribute 'evaluate']
Traceback (most recent call last):
  File "main.py", line 32, in <module>
    obj.main()
  File "c:\users\rvaib\onedrive\desktop\new-d-vs-c\src\DogvsCatClassifier\pipeline\C_ME_PIPELINE.py", line 18, in main
    loss,accuracy = model_evaluation.evaluate(validation_ds)
  File "c:\users\rvaib\onedrive\desktop\new-d-vs-c\src\DogvsCatClassifier\components\ModelEvaluation.py", line 36, in evaluate
    test_loss, test_accuracy = model.evaluate(validation_ds)
AttributeError: 'str' object has no attribute 'evaluate'
[2024-02-01 00:22:02,022: INFO: main: .....stage Data ingestion stage started ....]
[2024-02-01 00:22:02,022: INFO: common: yaml file: config\config.yaml loaded successfully]
[2024-02-01 00:22:02,038: INFO: common: yaml file: params.yaml loaded successfully]
[2024-02-01 00:22:02,038: INFO: common: created directory at: artifacts]
[2024-02-01 00:22:02,038: INFO: common: created directory at: artifacts\data_ingestion]
[2024-02-01 00:22:09,443: INFO: main: ..... stage Data ingestion stage completed .....]
[2024-02-01 00:22:09,443: INFO: main: .....stage Model trainer stage started ....]
[2024-02-01 00:22:09,458: INFO: common: yaml file: config\config.yaml loaded successfully]
[2024-02-01 00:22:09,458: INFO: common: yaml file: params.yaml loaded successfully]
[2024-02-01 00:22:09,458: INFO: common: created directory at: artifacts]
[2024-02-01 00:22:09,458: INFO: common: created directory at: artifacts\model_trainer]
[2024-02-01 00:23:34,644: INFO: main: ..... stage Model trainer stage completed .....]
[2024-02-01 00:23:34,644: INFO: main: .....stage Model evaluation stage started ....]
[2024-02-01 00:23:34,644: INFO: common: yaml file: config\config.yaml loaded successfully]
[2024-02-01 00:23:34,644: INFO: common: yaml file: params.yaml loaded successfully]
[2024-02-01 00:23:34,644: INFO: common: created directory at: artifacts]
[2024-02-01 00:23:34,644: INFO: common: created directory at: artifacts\model_evaluation]
[2024-02-01 00:23:43,097: INFO: common: json file saved at: artifacts\model_evaluation\metrics.json]
[2024-02-01 00:23:46,248: WARNING: save: Found untraced functions such as _jit_compiled_convolution_op, _jit_compiled_convolution_op, _jit_compiled_convolution_op while saving (showing 3 of 3). These functions will not be directly callable after loading.]
[2024-02-01 00:23:46,961: INFO: builder_impl: Assets written to: C:\Users\rvaib\AppData\Local\Temp\tmp927jxbpy\model\data\model\assets]
[2024-02-01 00:25:04,224: INFO: main: ..... stage Model evaluation stage completed .....]
[2024-02-01 00:35:49,516: INFO: main: .....stage Data ingestion stage started ....]
[2024-02-01 00:35:49,518: INFO: common: yaml file: config\config.yaml loaded successfully]
[2024-02-01 00:35:49,519: INFO: common: yaml file: params.yaml loaded successfully]
[2024-02-01 00:35:49,520: INFO: common: created directory at: artifacts]
[2024-02-01 00:35:49,520: INFO: common: created directory at: artifacts\data_ingestion]
[2024-02-01 00:35:59,061: INFO: main: ..... stage Data ingestion stage completed .....]
[2024-02-01 00:35:59,062: INFO: main: .....stage Model trainer stage started ....]
[2024-02-01 00:35:59,063: INFO: common: yaml file: config\config.yaml loaded successfully]
[2024-02-01 00:35:59,064: INFO: common: yaml file: params.yaml loaded successfully]
[2024-02-01 00:35:59,064: INFO: common: created directory at: artifacts]
[2024-02-01 00:35:59,065: INFO: common: created directory at: artifacts\model_trainer]
[2024-02-01 00:37:02,563: INFO: main: ..... stage Model trainer stage completed .....]
[2024-02-01 00:37:02,564: INFO: main: .....stage Model evaluation stage started ....]
[2024-02-01 00:37:02,565: INFO: common: yaml file: config\config.yaml loaded successfully]
[2024-02-01 00:37:02,567: INFO: common: yaml file: params.yaml loaded successfully]
[2024-02-01 00:37:02,567: INFO: common: created directory at: artifacts]
[2024-02-01 00:37:02,567: INFO: common: created directory at: artifacts\model_evaluation]
[2024-02-01 00:37:10,743: INFO: common: json file saved at: artifacts\model_evaluation\metrics.json]
[2024-02-01 00:37:13,605: WARNING: save: Found untraced functions such as _jit_compiled_convolution_op, _jit_compiled_convolution_op, _jit_compiled_convolution_op while saving (showing 3 of 3). These functions will not be directly callable after loading.]
[2024-02-01 00:37:14,325: INFO: builder_impl: Assets written to: C:\Users\rvaib\AppData\Local\Temp\tmpqci7eacz\model\data\model\assets]
[2024-02-01 00:38:31,589: INFO: main: ..... stage Model evaluation stage completed .....]
[2024-02-01 00:42:14,984: INFO: main: .....stage Data ingestion stage started ....]
[2024-02-01 00:42:14,984: INFO: common: yaml file: config\config.yaml loaded successfully]
[2024-02-01 00:42:14,999: INFO: common: yaml file: params.yaml loaded successfully]
[2024-02-01 00:42:14,999: INFO: common: created directory at: artifacts]
[2024-02-01 00:42:14,999: INFO: common: created directory at: artifacts\data_ingestion]
[2024-02-01 00:42:23,000: INFO: main: ..... stage Data ingestion stage completed .....]
[2024-02-01 00:42:23,000: INFO: main: .....stage Model trainer stage started ....]
[2024-02-01 00:42:23,000: INFO: common: yaml file: config\config.yaml loaded successfully]
[2024-02-01 00:42:23,000: INFO: common: yaml file: params.yaml loaded successfully]
[2024-02-01 00:42:23,000: INFO: common: created directory at: artifacts]
[2024-02-01 00:42:23,000: INFO: common: created directory at: artifacts\model_trainer]
[2024-02-01 00:43:31,942: INFO: main: ..... stage Model trainer stage completed .....]
[2024-02-01 00:43:31,942: INFO: main: .....stage Model evaluation stage started ....]
[2024-02-01 00:43:31,952: INFO: common: yaml file: config\config.yaml loaded successfully]
[2024-02-01 00:43:31,952: INFO: common: yaml file: params.yaml loaded successfully]
[2024-02-01 00:43:31,952: INFO: common: created directory at: artifacts]
[2024-02-01 00:43:31,952: INFO: common: created directory at: artifacts\model_evaluation]
[2024-02-01 00:43:39,914: INFO: common: json file saved at: artifacts\model_evaluation\metrics.json]
[2024-02-01 00:43:42,910: WARNING: save: Found untraced functions such as _jit_compiled_convolution_op, _jit_compiled_convolution_op, _jit_compiled_convolution_op while saving (showing 3 of 3). These functions will not be directly callable after loading.]
[2024-02-01 00:43:43,652: INFO: builder_impl: Assets written to: C:\Users\rvaib\AppData\Local\Temp\tmp6frzgp5z\model\data\model\assets]
[2024-02-01 00:45:02,438: INFO: main: ..... stage Model evaluation stage completed .....]
[2024-02-01 18:33:45,026: INFO: main: .....stage Data ingestion stage started ....]
[2024-02-01 18:33:45,028: INFO: common: yaml file: config\config.yaml loaded successfully]
[2024-02-01 18:33:45,029: INFO: common: yaml file: params.yaml loaded successfully]
[2024-02-01 18:33:45,030: INFO: common: created directory at: artifacts]
[2024-02-01 18:33:45,030: INFO: common: created directory at: artifacts\data_ingestion]
[2024-02-01 18:33:57,163: INFO: main: ..... stage Data ingestion stage completed .....]
[2024-02-01 18:33:57,163: INFO: main: .....stage Model trainer stage started ....]
[2024-02-01 18:33:57,166: INFO: common: yaml file: config\config.yaml loaded successfully]
[2024-02-01 18:33:57,169: INFO: common: yaml file: params.yaml loaded successfully]
[2024-02-01 18:33:57,170: INFO: common: created directory at: artifacts]
[2024-02-01 18:33:57,171: INFO: common: created directory at: artifacts\model_trainer]
[2024-02-01 18:35:07,131: INFO: main: ..... stage Model trainer stage completed .....]
[2024-02-01 18:35:07,131: INFO: main: .....stage Model evaluation stage started ....]
[2024-02-01 18:35:07,131: INFO: common: yaml file: config\config.yaml loaded successfully]
[2024-02-01 18:35:07,131: INFO: common: yaml file: params.yaml loaded successfully]
[2024-02-01 18:35:07,131: INFO: common: created directory at: artifacts]
[2024-02-01 18:35:07,131: INFO: common: created directory at: artifacts\model_evaluation]
[2024-02-01 18:35:14,335: INFO: common: json file saved at: artifacts\model_evaluation\metrics.json]
[2024-02-01 18:35:17,693: WARNING: save: Found untraced functions such as _jit_compiled_convolution_op, _jit_compiled_convolution_op, _jit_compiled_convolution_op while saving (showing 3 of 3). These functions will not be directly callable after loading.]
[2024-02-01 18:35:18,481: INFO: builder_impl: Assets written to: C:\Users\rvaib\AppData\Local\Temp\tmp1zify17v\model\data\model\assets]
[2024-02-01 18:37:24,393: INFO: main: ..... stage Model evaluation stage completed .....]
[2024-02-01 18:47:30,765: INFO: A_DE_PIPELINE: .....stage Data ingestion stage started ....]
[2024-02-01 18:47:30,770: INFO: common: yaml file: config\config.yaml loaded successfully]
[2024-02-01 18:47:30,770: INFO: common: yaml file: params.yaml loaded successfully]
[2024-02-01 18:47:30,770: INFO: common: created directory at: artifacts]
[2024-02-01 18:47:30,770: INFO: common: created directory at: artifacts\data_ingestion]
[2024-02-01 18:47:44,534: INFO: A_DE_PIPELINE: ..... stage Data ingestion stage completed .....]
[2024-02-01 18:52:24,995: INFO: B_MT_PIPELINE: .....stage Model trainer stage started ....]
[2024-02-01 18:52:24,995: INFO: common: yaml file: config\config.yaml loaded successfully]
[2024-02-01 18:52:24,995: INFO: common: yaml file: params.yaml loaded successfully]
[2024-02-01 18:52:24,995: INFO: common: created directory at: artifacts]
[2024-02-01 18:52:24,995: INFO: common: created directory at: artifacts\model_trainer]
[2024-02-01 18:53:33,928: INFO: B_MT_PIPELINE: ..... stage Model trainer stage completed .....]
[2024-02-01 18:53:39,998: INFO: C_ME_PIPELINE: .....stage Model evaluation stage started ....]
[2024-02-01 18:53:40,008: INFO: common: yaml file: config\config.yaml loaded successfully]
[2024-02-01 18:53:40,008: INFO: common: yaml file: params.yaml loaded successfully]
[2024-02-01 18:53:40,008: INFO: common: created directory at: artifacts]
[2024-02-01 18:53:40,018: INFO: common: created directory at: artifacts\model_evaluation]
[2024-02-01 18:53:51,103: INFO: common: json file saved at: artifacts\model_evaluation\metrics.json]
[2024-02-01 18:53:54,112: WARNING: save: Found untraced functions such as _jit_compiled_convolution_op, _jit_compiled_convolution_op, _jit_compiled_convolution_op while saving (showing 3 of 3). These functions will not be directly callable after loading.]
[2024-02-01 18:53:54,773: INFO: builder_impl: Assets written to: C:\Users\rvaib\AppData\Local\Temp\tmpq4zuew7y\model\data\model\assets]
[2024-02-01 18:55:59,893: INFO: C_ME_PIPELINE: ..... stage Model evaluation stage completed .....]
[2024-02-01 18:56:19,225: INFO: C_ME_PIPELINE: .....stage Model evaluation stage started ....]
[2024-02-01 18:56:19,230: INFO: common: yaml file: config\config.yaml loaded successfully]
[2024-02-01 18:56:19,230: INFO: common: yaml file: params.yaml loaded successfully]
[2024-02-01 18:56:19,230: INFO: common: created directory at: artifacts]
[2024-02-01 18:56:19,230: INFO: common: created directory at: artifacts\model_evaluation]
[2024-02-01 18:56:29,279: INFO: common: json file saved at: artifacts\model_evaluation\metrics.json]
[2024-02-01 18:56:32,371: WARNING: save: Found untraced functions such as _jit_compiled_convolution_op, _jit_compiled_convolution_op, _jit_compiled_convolution_op while saving (showing 3 of 3). These functions will not be directly callable after loading.]
[2024-02-01 18:56:33,065: INFO: builder_impl: Assets written to: C:\Users\rvaib\AppData\Local\Temp\tmpki6hnxav\model\data\model\assets]
[2024-02-01 18:57:58,002: INFO: C_ME_PIPELINE: ..... stage Model evaluation stage completed .....]
[2024-02-01 18:58:53,311: INFO: C_ME_PIPELINE: .....stage Model evaluation stage started ....]
[2024-02-01 18:58:53,323: INFO: common: yaml file: config\config.yaml loaded successfully]
[2024-02-01 18:58:53,323: INFO: common: yaml file: params.yaml loaded successfully]
[2024-02-01 18:58:53,323: INFO: common: created directory at: artifacts]
[2024-02-01 18:58:53,323: INFO: common: created directory at: artifacts\model_evaluation]
[2024-02-01 18:59:04,562: INFO: common: json file saved at: artifacts\model_evaluation\metrics.json]
[2024-02-01 18:59:07,580: WARNING: save: Found untraced functions such as _jit_compiled_convolution_op, _jit_compiled_convolution_op, _jit_compiled_convolution_op while saving (showing 3 of 3). These functions will not be directly callable after loading.]
[2024-02-01 18:59:08,241: INFO: builder_impl: Assets written to: C:\Users\rvaib\AppData\Local\Temp\tmpvul7ud7q\model\data\model\assets]
[2024-02-01 19:00:21,675: INFO: C_ME_PIPELINE: ..... stage Model evaluation stage completed .....]
[2024-02-01 19:02:23,988: INFO: C_ME_PIPELINE: .....stage Model evaluation stage started ....]
[2024-02-01 19:02:23,990: INFO: common: yaml file: config\config.yaml loaded successfully]
[2024-02-01 19:02:23,991: INFO: common: yaml file: params.yaml loaded successfully]
[2024-02-01 19:02:23,992: INFO: common: created directory at: artifacts]
[2024-02-01 19:02:23,992: INFO: common: created directory at: artifacts\model_evaluation]
[2024-02-01 19:02:35,660: INFO: common: json file saved at: artifacts\model_evaluation\metrics.json]
[2024-02-01 19:02:39,470: WARNING: save: Found untraced functions such as _jit_compiled_convolution_op, _jit_compiled_convolution_op, _jit_compiled_convolution_op while saving (showing 3 of 3). These functions will not be directly callable after loading.]
[2024-02-01 19:02:40,763: INFO: builder_impl: Assets written to: C:\Users\rvaib\AppData\Local\Temp\tmpwqcu9r8u\model\data\model\assets]
[2024-02-01 19:03:53,848: INFO: C_ME_PIPELINE: ..... stage Model evaluation stage completed .....]
[2024-02-01 19:06:41,876: INFO: C_ME_PIPELINE: .....stage Model evaluation stage started ....]
[2024-02-01 19:06:41,878: INFO: common: yaml file: config\config.yaml loaded successfully]
[2024-02-01 19:06:41,879: INFO: common: yaml file: params.yaml loaded successfully]
[2024-02-01 19:06:41,880: INFO: common: created directory at: artifacts]
[2024-02-01 19:06:41,880: INFO: common: created directory at: artifacts\model_evaluation]
[2024-02-01 19:06:53,208: INFO: common: json file saved at: artifacts\model_evaluation\metrics.json]
[2024-02-01 19:06:56,353: WARNING: save: Found untraced functions such as _jit_compiled_convolution_op, _jit_compiled_convolution_op, _jit_compiled_convolution_op while saving (showing 3 of 3). These functions will not be directly callable after loading.]
[2024-02-01 19:06:57,021: INFO: builder_impl: Assets written to: C:\Users\rvaib\AppData\Local\Temp\tmpxuksdo1c\model\data\model\assets]
[2024-02-01 19:08:14,687: INFO: C_ME_PIPELINE: ..... stage Model evaluation stage completed .....]
[2024-02-01 19:11:52,380: INFO: C_ME_PIPELINE: .....stage Model evaluation stage started ....]
[2024-02-01 19:11:52,382: INFO: common: yaml file: config\config.yaml loaded successfully]
[2024-02-01 19:11:52,383: INFO: common: yaml file: params.yaml loaded successfully]
[2024-02-01 19:11:52,384: INFO: common: created directory at: artifacts]
[2024-02-01 19:11:52,384: INFO: common: created directory at: artifacts\model_evaluation]
[2024-02-01 19:12:04,913: INFO: common: json file saved at: artifacts\model_evaluation\metrics.json]
[2024-02-01 19:12:08,063: WARNING: save: Found untraced functions such as _jit_compiled_convolution_op, _jit_compiled_convolution_op, _jit_compiled_convolution_op while saving (showing 3 of 3). These functions will not be directly callable after loading.]
[2024-02-01 19:12:08,789: INFO: builder_impl: Assets written to: C:\Users\rvaib\AppData\Local\Temp\tmpkqdt9bnp\model\data\model\assets]
[2024-02-01 19:13:39,008: INFO: C_ME_PIPELINE: ..... stage Model evaluation stage completed .....]
[2024-02-01 19:14:41,769: INFO: B_MT_PIPELINE: .....stage Model trainer stage started ....]
[2024-02-01 19:14:41,771: INFO: common: yaml file: config\config.yaml loaded successfully]
[2024-02-01 19:14:41,772: INFO: common: yaml file: params.yaml loaded successfully]
[2024-02-01 19:14:41,773: INFO: common: created directory at: artifacts]
[2024-02-01 19:14:41,773: INFO: common: created directory at: artifacts\model_trainer]
[2024-02-01 19:15:47,850: INFO: B_MT_PIPELINE: ..... stage Model trainer stage completed .....]
[2024-02-01 19:15:54,551: INFO: C_ME_PIPELINE: .....stage Model evaluation stage started ....]
[2024-02-01 19:15:54,553: INFO: common: yaml file: config\config.yaml loaded successfully]
[2024-02-01 19:15:54,555: INFO: common: yaml file: params.yaml loaded successfully]
[2024-02-01 19:15:54,555: INFO: common: created directory at: artifacts]
[2024-02-01 19:15:54,555: INFO: common: created directory at: artifacts\model_evaluation]
[2024-02-01 19:16:05,421: INFO: common: json file saved at: artifacts\model_evaluation\metrics.json]
[2024-02-01 19:16:08,856: WARNING: save: Found untraced functions such as _jit_compiled_convolution_op, _jit_compiled_convolution_op, _jit_compiled_convolution_op while saving (showing 3 of 3). These functions will not be directly callable after loading.]
[2024-02-01 19:16:09,599: INFO: builder_impl: Assets written to: C:\Users\rvaib\AppData\Local\Temp\tmp2673aqwv\model\data\model\assets]
[2024-02-01 19:17:24,071: INFO: C_ME_PIPELINE: ..... stage Model evaluation stage completed .....]
